Determining if the pthread_create exist failed with the following output:
Change Dir: /home/soar/linorobot_ws/build/CMakeFiles/CMakeTmp

Run Build Command:"/usr/bin/make" "cmTC_6c7dc/fast"
/usr/bin/make -f CMakeFiles/cmTC_6c7dc.dir/build.make CMakeFiles/cmTC_6c7dc.dir/build
make[1]: Entering directory '/home/soar/linorobot_ws/build/CMakeFiles/CMakeTmp'
Building C object CMakeFiles/cmTC_6c7dc.dir/CheckSymbolExists.c.o
/usr/bin/cc     -o CMakeFiles/cmTC_6c7dc.dir/CheckSymbolExists.c.o   -c /home/soar/linorobot_ws/build/CMakeFiles/CMakeTmp/CheckSymbolExists.c
Linking C executable cmTC_6c7dc
/usr/bin/cmake -E cmake_link_script CMakeFiles/cmTC_6c7dc.dir/link.txt --verbose=1
/usr/bin/cc       CMakeFiles/cmTC_6c7dc.dir/CheckSymbolExists.c.o  -o cmTC_6c7dc -rdynamic 
CMakeFiles/cmTC_6c7dc.dir/CheckSymbolExists.c.o: In function `main':
CheckSymbolExists.c:(.text+0xe): undefined reference to `pthread_create'
CheckSymbolExists.c:(.text+0x12): undefined reference to `pthread_create'
collect2: error: ld returned 1 exit status
CMakeFiles/cmTC_6c7dc.dir/build.make:97: recipe for target 'cmTC_6c7dc' failed
make[1]: *** [cmTC_6c7dc] Error 1
make[1]: Leaving directory '/home/soar/linorobot_ws/build/CMakeFiles/CMakeTmp'
Makefile:126: recipe for target 'cmTC_6c7dc/fast' failed
make: *** [cmTC_6c7dc/fast] Error 2

File /home/soar/linorobot_ws/build/CMakeFiles/CMakeTmp/CheckSymbolExists.c:
/* */
#include <pthread.h>

int main(int argc, char** argv)
{
  (void)argv;
#ifndef pthread_create
  return ((int*)(&pthread_create))[argc];
#else
  (void)argc;
  return 0;
#endif
}

Determining if the function pthread_create exists in the pthreads failed with the following output:
Change Dir: /home/soar/linorobot_ws/build/CMakeFiles/CMakeTmp

Run Build Command:"/usr/bin/make" "cmTC_9862f/fast"
/usr/bin/make -f CMakeFiles/cmTC_9862f.dir/build.make CMakeFiles/cmTC_9862f.dir/build
make[1]: Entering directory '/home/soar/linorobot_ws/build/CMakeFiles/CMakeTmp'
Building C object CMakeFiles/cmTC_9862f.dir/CheckFunctionExists.c.o
/usr/bin/cc    -DCHECK_FUNCTION_EXISTS=pthread_create   -o CMakeFiles/cmTC_9862f.dir/CheckFunctionExists.c.o   -c /usr/share/cmake-3.5/Modules/CheckFunctionExists.c
Linking C executable cmTC_9862f
/usr/bin/cmake -E cmake_link_script CMakeFiles/cmTC_9862f.dir/link.txt --verbose=1
/usr/bin/cc   -DCHECK_FUNCTION_EXISTS=pthread_create    CMakeFiles/cmTC_9862f.dir/CheckFunctionExists.c.o  -o cmTC_9862f -rdynamic -lpthreads 
/usr/bin/ld: cannot find -lpthreads
collect2: error: ld returned 1 exit status
CMakeFiles/cmTC_9862f.dir/build.make:97: recipe for target 'cmTC_9862f' failed
make[1]: *** [cmTC_9862f] Error 1
make[1]: Leaving directory '/home/soar/linorobot_ws/build/CMakeFiles/CMakeTmp'
Makefile:126: recipe for target 'cmTC_9862f/fast' failed
make: *** [cmTC_9862f/fast] Error 2


